[  0%] Built target _cmvision_generate_messages_check_deps_Blob
[  0%] Built target std_msgs_generate_messages_cpp
[  0%] Built target _cmvision_generate_messages_check_deps_Blobs
[  0%] [  0%] Built target std_msgs_generate_messages_lisp
Built target std_msgs_generate_messages_py
[ 18%] Built target cmvision_generate_messages_cpp
[ 36%] Built target cmvision_generate_messages_lisp
[ 63%] Built target cmvision_generate_messages_py
[ 63%] Built target cmvision_gencpp
[ 63%] Built target cmvision_generate_messages
[ 72%] [ 81%] [32mBuilding CXX object CMakeFiles/cmvision.dir/src/cmvision.cc.o
[0m[32mBuilding C object CMakeFiles/cmvision.dir/src/conversions.c.o
In file included from /opt/odroid-x2/compiler/bin/../arm-linux-gnueabihf/libc/usr/include/arm-linux-gnueabihf/sys/select.h:44:0,
                 from /opt/odroid-x2/compiler/bin/../arm-linux-gnueabihf/libc/usr/include/arm-linux-gnueabihf/sys/types.h:223,
                 from /opt/odroid-x2/sdk/usr/include/stdlib.h:314,
                 from /root/model_car/catkin_ws/src/cmvision/src/conversions.h:27,
                 from /root/model_car/catkin_ws/src/cmvision/src/conversions.c:21:
/opt/odroid-x2/sdk/usr/include/time.h:123:5: error: unknown type name â€˜__syscall_slong_tâ€™
[0m[ 90%] [32mBuilding CXX object CMakeFiles/cmvision.dir/src/cmvision_color_blob_finder.cpp.o
In file included from /root/model_car/catkin_ws/src/cmvision/src/conversions.h:27:0,
                 from /root/model_car/catkin_ws/src/cmvision/src/conversions.c:21:
/opt/odroid-x2/sdk/usr/include/stdlib.h:955:31: fatal error: bits/stdlib-float.h: No such file or directory
compilation terminated.
make[2]: *** [CMakeFiles/cmvision.dir/src/conversions.c.o] Error 1
make[2]: *** Waiting for unfinished jobs....
In file included from /root/model_car/catkin_ws/src/cmvision/src/cmvision.h:33:0,
                 from /root/model_car/catkin_ws/src/cmvision/src/cmvision.cc:34:
/opt/odroid-x2/sdk/usr/include/stdlib.h:955:31: fatal error: bits/stdlib-float.h: No such file or directory
compilation terminated.
make[2]: *** [CMakeFiles/cmvision.dir/src/cmvision.cc.o] Error 1
In file included from /opt/odroid-x2/sdk/usr/include/opencv2/core/types_c.h:56:0,
                 from /opt/odroid-x2/sdk/usr/include/opencv2/core/core_c.h:47,
                 from /opt/odroid-x2/sdk/usr/include/opencv/highgui.h:45,
                 from /root/model_car/catkin_ws/src/cmvision/src/cmvision_color_blob_finder.cpp:28:
/opt/odroid-x2/sdk/usr/include/stdlib.h:955:31: fatal error: bits/stdlib-float.h: No such file or directory
compilation terminated.
make[2]: *** [CMakeFiles/cmvision.dir/src/cmvision_color_blob_finder.cpp.o] Error 1
make[1]: *** [CMakeFiles/cmvision.dir/all] Error 2
make: *** [all] Error 2
