In file included from /opt/odroid-x2/sdk/usr/include/opencv2/core/types_c.h:56:0,
                 from /opt/odroid-x2/sdk/usr/include/opencv2/core/core.hpp:49,
                 from /opt/odroid-x2/sdk/usr/include/opencv2/highgui/highgui.hpp:46,
                 from /root/model_car/catkin_ws/src/cross/src/CrossDetector.h:1,
                 from /root/model_car/catkin_ws/src/cross/src/CrossDetector.cpp:1:
/opt/odroid-x2/sdk/usr/include/stdlib.h:955:31: fatal error: bits/stdlib-float.h: No such file or directory
compilation terminated.
In file included from /opt/odroid-x2/sdk/opt/ros/indigo/include/ros/platform.h:53:0,
                 from /opt/odroid-x2/sdk/opt/ros/indigo/include/ros/time.h:53,
                 from /opt/odroid-x2/sdk/opt/ros/indigo/include/ros/ros.h:38,
                 from /root/model_car/catkin_ws/src/cross/src/cross_node.cpp:1:
/opt/odroid-x2/sdk/usr/include/stdlib.h:955:31: fatal error: bits/stdlib-float.h: No such file or directory
compilation terminated.
make[2]: *** [CMakeFiles/cross_node.dir/src/cross_node.cpp.o] Error 1
make[2]: *** Waiting for unfinished jobs....
make[2]: *** [CMakeFiles/cross_node.dir/src/CrossDetector.cpp.o] Error 1
make[1]: *** [CMakeFiles/cross_node.dir/all] Error 2
make: *** [all] Error 2
