/usr/bin/cmake -H/root/model_car/catkin_ws/src/realsense_camera -B/root/model_car/catkin_ws/build/realsense_camera --check-build-system CMakeFiles/Makefile.cmake 0
/usr/bin/cmake -E cmake_progress_start /root/model_car/catkin_ws/build/realsense_camera/CMakeFiles /root/model_car/catkin_ws/build/realsense_camera/CMakeFiles/progress.marks
/usr/bin/make -f CMakeFiles/Makefile2 all
make[1]: Entering directory `/root/model_car/catkin_ws/build/realsense_camera'
/usr/bin/make -f CMakeFiles/realsense_camera_gencfg.dir/build.make CMakeFiles/realsense_camera_gencfg.dir/depend
make[2]: Entering directory `/root/model_car/catkin_ws/build/realsense_camera'
cd /root/model_car/catkin_ws/build/realsense_camera && /usr/bin/cmake -E cmake_depends "Unix Makefiles" /root/model_car/catkin_ws/src/realsense_camera /root/model_car/catkin_ws/src/realsense_camera /root/model_car/catkin_ws/build/realsense_camera /root/model_car/catkin_ws/build/realsense_camera /root/model_car/catkin_ws/build/realsense_camera/CMakeFiles/realsense_camera_gencfg.dir/DependInfo.cmake --color=
make[2]: Leaving directory `/root/model_car/catkin_ws/build/realsense_camera'
/usr/bin/make -f CMakeFiles/realsense_camera_gencfg.dir/build.make CMakeFiles/realsense_camera_gencfg.dir/build
make[2]: Entering directory `/root/model_car/catkin_ws/build/realsense_camera'
make[2]: Nothing to be done for `CMakeFiles/realsense_camera_gencfg.dir/build'.
make[2]: Leaving directory `/root/model_car/catkin_ws/build/realsense_camera'
/usr/bin/cmake -E cmake_progress_report /root/model_car/catkin_ws/build/realsense_camera/CMakeFiles  3
[ 11%] Built target realsense_camera_gencfg
/usr/bin/make -f CMakeFiles/_realsense_camera_generate_messages_check_deps_cameraConfiguration.dir/build.make CMakeFiles/_realsense_camera_generate_messages_check_deps_cameraConfiguration.dir/depend
make[2]: Entering directory `/root/model_car/catkin_ws/build/realsense_camera'
cd /root/model_car/catkin_ws/build/realsense_camera && /usr/bin/cmake -E cmake_depends "Unix Makefiles" /root/model_car/catkin_ws/src/realsense_camera /root/model_car/catkin_ws/src/realsense_camera /root/model_car/catkin_ws/build/realsense_camera /root/model_car/catkin_ws/build/realsense_camera /root/model_car/catkin_ws/build/realsense_camera/CMakeFiles/_realsense_camera_generate_messages_check_deps_cameraConfiguration.dir/DependInfo.cmake --color=
make[2]: Leaving directory `/root/model_car/catkin_ws/build/realsense_camera'
/usr/bin/make -f CMakeFiles/_realsense_camera_generate_messages_check_deps_cameraConfiguration.dir/build.make CMakeFiles/_realsense_camera_generate_messages_check_deps_cameraConfiguration.dir/build
make[2]: Entering directory `/root/model_car/catkin_ws/build/realsense_camera'
catkin_generated/env_cached.sh /usr/bin/python /opt/odroid-x2/sdk/opt/ros/indigo/share/genmsg/cmake/../../../lib/genmsg/genmsg_check_deps.py realsense_camera /root/model_car/catkin_ws/src/realsense_camera/srv/cameraConfiguration.srv 
make[2]: Leaving directory `/root/model_car/catkin_ws/build/realsense_camera'
/usr/bin/cmake -E cmake_progress_report /root/model_car/catkin_ws/build/realsense_camera/CMakeFiles 
[ 11%] Built target _realsense_camera_generate_messages_check_deps_cameraConfiguration
/usr/bin/make -f CMakeFiles/std_msgs_generate_messages_lisp.dir/build.make CMakeFiles/std_msgs_generate_messages_lisp.dir/depend
make[2]: Entering directory `/root/model_car/catkin_ws/build/realsense_camera'
cd /root/model_car/catkin_ws/build/realsense_camera && /usr/bin/cmake -E cmake_depends "Unix Makefiles" /root/model_car/catkin_ws/src/realsense_camera /root/model_car/catkin_ws/src/realsense_camera /root/model_car/catkin_ws/build/realsense_camera /root/model_car/catkin_ws/build/realsense_camera /root/model_car/catkin_ws/build/realsense_camera/CMakeFiles/std_msgs_generate_messages_lisp.dir/DependInfo.cmake --color=
make[2]: Leaving directory `/root/model_car/catkin_ws/build/realsense_camera'
/usr/bin/make -f CMakeFiles/std_msgs_generate_messages_lisp.dir/build.make CMakeFiles/std_msgs_generate_messages_lisp.dir/build
make[2]: Entering directory `/root/model_car/catkin_ws/build/realsense_camera'
make[2]: Nothing to be done for `CMakeFiles/std_msgs_generate_messages_lisp.dir/build'.
make[2]: Leaving directory `/root/model_car/catkin_ws/build/realsense_camera'
/usr/bin/cmake -E cmake_progress_report /root/model_car/catkin_ws/build/realsense_camera/CMakeFiles 
[ 11%] Built target std_msgs_generate_messages_lisp
/usr/bin/make -f CMakeFiles/std_msgs_generate_messages_py.dir/build.make CMakeFiles/std_msgs_generate_messages_py.dir/depend
make[2]: Entering directory `/root/model_car/catkin_ws/build/realsense_camera'
cd /root/model_car/catkin_ws/build/realsense_camera && /usr/bin/cmake -E cmake_depends "Unix Makefiles" /root/model_car/catkin_ws/src/realsense_camera /root/model_car/catkin_ws/src/realsense_camera /root/model_car/catkin_ws/build/realsense_camera /root/model_car/catkin_ws/build/realsense_camera /root/model_car/catkin_ws/build/realsense_camera/CMakeFiles/std_msgs_generate_messages_py.dir/DependInfo.cmake --color=
make[2]: Leaving directory `/root/model_car/catkin_ws/build/realsense_camera'
/usr/bin/make -f CMakeFiles/std_msgs_generate_messages_py.dir/build.make CMakeFiles/std_msgs_generate_messages_py.dir/build
make[2]: Entering directory `/root/model_car/catkin_ws/build/realsense_camera'
make[2]: Nothing to be done for `CMakeFiles/std_msgs_generate_messages_py.dir/build'.
make[2]: Leaving directory `/root/model_car/catkin_ws/build/realsense_camera'
/usr/bin/cmake -E cmake_progress_report /root/model_car/catkin_ws/build/realsense_camera/CMakeFiles 
[ 11%] Built target std_msgs_generate_messages_py
/usr/bin/make -f CMakeFiles/std_msgs_generate_messages_cpp.dir/build.make CMakeFiles/std_msgs_generate_messages_cpp.dir/depend
make[2]: Entering directory `/root/model_car/catkin_ws/build/realsense_camera'
cd /root/model_car/catkin_ws/build/realsense_camera && /usr/bin/cmake -E cmake_depends "Unix Makefiles" /root/model_car/catkin_ws/src/realsense_camera /root/model_car/catkin_ws/src/realsense_camera /root/model_car/catkin_ws/build/realsense_camera /root/model_car/catkin_ws/build/realsense_camera /root/model_car/catkin_ws/build/realsense_camera/CMakeFiles/std_msgs_generate_messages_cpp.dir/DependInfo.cmake --color=
make[2]: Leaving directory `/root/model_car/catkin_ws/build/realsense_camera'
/usr/bin/make -f CMakeFiles/std_msgs_generate_messages_cpp.dir/build.make CMakeFiles/std_msgs_generate_messages_cpp.dir/build
make[2]: Entering directory `/root/model_car/catkin_ws/build/realsense_camera'
make[2]: Nothing to be done for `CMakeFiles/std_msgs_generate_messages_cpp.dir/build'.
make[2]: Leaving directory `/root/model_car/catkin_ws/build/realsense_camera'
/usr/bin/cmake -E cmake_progress_report /root/model_car/catkin_ws/build/realsense_camera/CMakeFiles 
[ 11%] Built target std_msgs_generate_messages_cpp
/usr/bin/make -f gtest/CMakeFiles/gtest.dir/build.make gtest/CMakeFiles/gtest.dir/depend
make[2]: Entering directory `/root/model_car/catkin_ws/build/realsense_camera'
cd /root/model_car/catkin_ws/build/realsense_camera && /usr/bin/cmake -E cmake_depends "Unix Makefiles" /root/model_car/catkin_ws/src/realsense_camera /usr/src/gtest /root/model_car/catkin_ws/build/realsense_camera /root/model_car/catkin_ws/build/realsense_camera/gtest /root/model_car/catkin_ws/build/realsense_camera/gtest/CMakeFiles/gtest.dir/DependInfo.cmake --color=
make[2]: Leaving directory `/root/model_car/catkin_ws/build/realsense_camera'
/usr/bin/make -f gtest/CMakeFiles/gtest.dir/build.make gtest/CMakeFiles/gtest.dir/build
make[2]: Entering directory `/root/model_car/catkin_ws/build/realsense_camera'
/usr/bin/cmake -E cmake_progress_report /root/model_car/catkin_ws/build/realsense_camera/CMakeFiles 1
[ 22%] [32mBuilding CXX object gtest/CMakeFiles/gtest.dir/src/gtest-all.cc.o
[0mcd /root/model_car/catkin_ws/build/realsense_camera/gtest && /opt/odroid-x2/compiler/bin/arm-linux-gnueabihf-g++   -DGTEST_CREATE_SHARED_LIBRARY=1 -Dgtest_EXPORTS -fPIE -fPIC -std=c++11 -O2 -D_FORTIFY_SOURCE=2 -fstack-protector -Wformat -Wformat-security -Wall  --sysroot=/opt/odroid-x2/sdk -fPIC -I/usr/src/gtest/include -I/usr/src/gtest    -fPIE -fPIC -std=c++11 -O2 -D_FORTIFY_SOURCE=2 -fstack-protector -Wformat -Wformat-security -Wall  --sysroot=/opt/odroid-x2/sdk -Wall -Wshadow -DGTEST_HAS_PTHREAD=1 -fexceptions -Wextra -o CMakeFiles/gtest.dir/src/gtest-all.cc.o -c /usr/src/gtest/src/gtest-all.cc
[31m[1mLinking CXX shared library libgtest.so
[0mcd /root/model_car/catkin_ws/build/realsense_camera/gtest && /usr/bin/cmake -E cmake_link_script CMakeFiles/gtest.dir/link.txt --verbose=1
/opt/odroid-x2/compiler/bin/arm-linux-gnueabihf-g++  -fPIC -fPIE -fPIC -std=c++11 -O2 -D_FORTIFY_SOURCE=2 -fstack-protector -Wformat -Wformat-security -Wall  --sysroot=/opt/odroid-x2/sdk -z noexecstack -z relro -z now -shared -Wl,-soname,libgtest.so -o libgtest.so CMakeFiles/gtest.dir/src/gtest-all.cc.o  -L/root/model_car/catkin_ws/build/realsense_camera/gtest/src -lpthread -Wl,-rpath,/root/model_car/catkin_ws/build/realsense_camera/gtest/src 
make[2]: Leaving directory `/root/model_car/catkin_ws/build/realsense_camera'
/usr/bin/cmake -E cmake_progress_report /root/model_car/catkin_ws/build/realsense_camera/CMakeFiles  1
[ 22%] Built target gtest
/usr/bin/make -f CMakeFiles/realsense_camera_generate_messages_lisp.dir/build.make CMakeFiles/realsense_camera_generate_messages_lisp.dir/depend
/usr/bin/make -f CMakeFiles/realsense_camera_generate_messages_py.dir/build.make CMakeFiles/realsense_camera_generate_messages_py.dir/depend
/usr/bin/make -f CMakeFiles/realsense_camera_generate_messages_cpp.dir/build.make CMakeFiles/realsense_camera_generate_messages_cpp.dir/depend
make[2]: Entering directory `/root/model_car/catkin_ws/build/realsense_camera'
cd /root/model_car/catkin_ws/build/realsense_camera && /usr/bin/cmake -E cmake_depends "Unix Makefiles" /root/model_car/catkin_ws/src/realsense_camera /root/model_car/catkin_ws/src/realsense_camera /root/model_car/catkin_ws/build/realsense_camera /root/model_car/catkin_ws/build/realsense_camera /root/model_car/catkin_ws/build/realsense_camera/CMakeFiles/realsense_camera_generate_messages_lisp.dir/DependInfo.cmake --color=
make[2]: Entering directory `/root/model_car/catkin_ws/build/realsense_camera'
cd /root/model_car/catkin_ws/build/realsense_camera && /usr/bin/cmake -E cmake_depends "Unix Makefiles" /root/model_car/catkin_ws/src/realsense_camera /root/model_car/catkin_ws/src/realsense_camera /root/model_car/catkin_ws/build/realsense_camera /root/model_car/catkin_ws/build/realsense_camera /root/model_car/catkin_ws/build/realsense_camera/CMakeFiles/realsense_camera_generate_messages_py.dir/DependInfo.cmake --color=
make[2]: Entering directory `/root/model_car/catkin_ws/build/realsense_camera'
cd /root/model_car/catkin_ws/build/realsense_camera && /usr/bin/cmake -E cmake_depends "Unix Makefiles" /root/model_car/catkin_ws/src/realsense_camera /root/model_car/catkin_ws/src/realsense_camera /root/model_car/catkin_ws/build/realsense_camera /root/model_car/catkin_ws/build/realsense_camera /root/model_car/catkin_ws/build/realsense_camera/CMakeFiles/realsense_camera_generate_messages_cpp.dir/DependInfo.cmake --color=
[35m[1mScanning dependencies of target realsense_camera_generate_messages_lisp
[0mmake[2]: Leaving directory `/root/model_car/catkin_ws/build/realsense_camera'
make[2]: Leaving directory `/root/model_car/catkin_ws/build/realsense_camera'
/usr/bin/make -f CMakeFiles/realsense_camera_generate_messages_cpp.dir/build.make CMakeFiles/realsense_camera_generate_messages_cpp.dir/build
/usr/bin/make -f CMakeFiles/realsense_camera_generate_messages_lisp.dir/build.make CMakeFiles/realsense_camera_generate_messages_lisp.dir/build
make[2]: Entering directory `/root/model_car/catkin_ws/build/realsense_camera'
/usr/bin/cmake -E cmake_progress_report /root/model_car/catkin_ws/build/realsense_camera/CMakeFiles 5
make[2]: Entering directory `/root/model_car/catkin_ws/build/realsense_camera'
make[2]: Nothing to be done for `CMakeFiles/realsense_camera_generate_messages_cpp.dir/build'.
make[2]: Leaving directory `/root/model_car/catkin_ws/build/realsense_camera'
/usr/bin/cmake -E cmake_progress_report /root/model_car/catkin_ws/build/realsense_camera/CMakeFiles  4
make[2]: Leaving directory `/root/model_car/catkin_ws/build/realsense_camera'
/usr/bin/make -f CMakeFiles/realsense_camera_generate_messages_py.dir/build.make CMakeFiles/realsense_camera_generate_messages_py.dir/build
make[2]: Entering directory `/root/model_car/catkin_ws/build/realsense_camera'
make[2]: Nothing to be done for `CMakeFiles/realsense_camera_generate_messages_py.dir/build'.
make[2]: Leaving directory `/root/model_car/catkin_ws/build/realsense_camera'
/usr/bin/cmake -E cmake_progress_report /root/model_car/catkin_ws/build/realsense_camera/CMakeFiles  6 7
[ 44%] [ 44%] Built target realsense_camera_generate_messages_cpp
/usr/bin/make -f CMakeFiles/realsense_camera_nodelet.dir/build.make CMakeFiles/realsense_camera_nodelet.dir/depend
/usr/bin/make -f CMakeFiles/realsense_camera_test.dir/build.make CMakeFiles/realsense_camera_test.dir/depend
[ 66%] make[2]: Entering directory `/root/model_car/catkin_ws/build/realsense_camera'
cd /root/model_car/catkin_ws/build/realsense_camera && /usr/bin/cmake -E cmake_depends "Unix Makefiles" /root/model_car/catkin_ws/src/realsense_camera /root/model_car/catkin_ws/src/realsense_camera /root/model_car/catkin_ws/build/realsense_camera /root/model_car/catkin_ws/build/realsense_camera /root/model_car/catkin_ws/build/realsense_camera/CMakeFiles/realsense_camera_nodelet.dir/DependInfo.cmake --color=
Built target realsense_camera_generate_messages_py
make[2]: Entering directory `/root/model_car/catkin_ws/build/realsense_camera'
cd /root/model_car/catkin_ws/build/realsense_camera && /usr/bin/cmake -E cmake_depends "Unix Makefiles" /root/model_car/catkin_ws/src/realsense_camera /root/model_car/catkin_ws/src/realsense_camera /root/model_car/catkin_ws/build/realsense_camera /root/model_car/catkin_ws/build/realsense_camera /root/model_car/catkin_ws/build/realsense_camera/CMakeFiles/realsense_camera_test.dir/DependInfo.cmake --color=
/usr/bin/make -f CMakeFiles/realsense_camera_test_rgbd.dir/build.make CMakeFiles/realsense_camera_test_rgbd.dir/depend
make[2]: Entering directory `/root/model_car/catkin_ws/build/realsense_camera'
cd /root/model_car/catkin_ws/build/realsense_camera && /usr/bin/cmake -E cmake_depends "Unix Makefiles" /root/model_car/catkin_ws/src/realsense_camera /root/model_car/catkin_ws/src/realsense_camera /root/model_car/catkin_ws/build/realsense_camera /root/model_car/catkin_ws/build/realsense_camera /root/model_car/catkin_ws/build/realsense_camera/CMakeFiles/realsense_camera_test_rgbd.dir/DependInfo.cmake --color=
[34m[1mGenerating Lisp code from realsense_camera/cameraConfiguration.srv
[0mcatkin_generated/env_cached.sh /usr/bin/python /opt/odroid-x2/sdk/opt/ros/indigo/share/genlisp/cmake/../../../lib/genlisp/gen_lisp.py /root/model_car/catkin_ws/src/realsense_camera/srv/cameraConfiguration.srv -Istd_msgs:/opt/odroid-x2/sdk/opt/ros/indigo/share/std_msgs/cmake/../msg -p realsense_camera -o /root/model_car/catkin_ws/devel/share/common-lisp/ros/realsense_camera/srv
[35m[1mScanning dependencies of target realsense_camera_test
[35m[1mScanning dependencies of target realsense_camera_nodelet
[35m[1mScanning dependencies of target realsense_camera_test_rgbd
make[2]: Leaving directory `/root/model_car/catkin_ws/build/realsense_camera'
/usr/bin/cmake -E cmake_progress_report /root/model_car/catkin_ws/build/realsense_camera/CMakeFiles  5
[ 66%] Built target realsense_camera_generate_messages_lisp
/usr/bin/make -f CMakeFiles/realsense_camera_generate_messages.dir/build.make CMakeFiles/realsense_camera_generate_messages.dir/depend
make[2]: Entering directory `/root/model_car/catkin_ws/build/realsense_camera'
cd /root/model_car/catkin_ws/build/realsense_camera && /usr/bin/cmake -E cmake_depends "Unix Makefiles" /root/model_car/catkin_ws/src/realsense_camera /root/model_car/catkin_ws/src/realsense_camera /root/model_car/catkin_ws/build/realsense_camera /root/model_car/catkin_ws/build/realsense_camera /root/model_car/catkin_ws/build/realsense_camera/CMakeFiles/realsense_camera_generate_messages.dir/DependInfo.cmake --color=
[35m[1mScanning dependencies of target realsense_camera_generate_messages
[0mmake[2]: Leaving directory `/root/model_car/catkin_ws/build/realsense_camera'
/usr/bin/make -f CMakeFiles/realsense_camera_generate_messages.dir/build.make CMakeFiles/realsense_camera_generate_messages.dir/build
make[2]: Entering directory `/root/model_car/catkin_ws/build/realsense_camera'
make[2]: Nothing to be done for `CMakeFiles/realsense_camera_generate_messages.dir/build'.
make[2]: Leaving directory `/root/model_car/catkin_ws/build/realsense_camera'
/usr/bin/cmake -E cmake_progress_report /root/model_car/catkin_ws/build/realsense_camera/CMakeFiles 
[ 66%] Built target realsense_camera_generate_messages
[0mmake[2]: Leaving directory `/root/model_car/catkin_ws/build/realsense_camera'
/usr/bin/make -f CMakeFiles/realsense_camera_nodelet.dir/build.make CMakeFiles/realsense_camera_nodelet.dir/build
make[2]: Entering directory `/root/model_car/catkin_ws/build/realsense_camera'
/usr/bin/cmake -E cmake_progress_report /root/model_car/catkin_ws/build/realsense_camera/CMakeFiles 8
make[2]: *** No rule to make target `/usr/local/lib/librealsense.so', needed by `/root/model_car/catkin_ws/devel/lib/librealsense_camera_nodelet.so'.  Stop.
make[2]: *** Waiting for unfinished jobs....
[ 77%] [32mBuilding CXX object CMakeFiles/realsense_camera_nodelet.dir/src/realsense_camera_nodelet.cpp.o
[0m/opt/odroid-x2/compiler/bin/arm-linux-gnueabihf-g++   -DROSCONSOLE_BACKEND_LOG4CXX -DROS_PACKAGE_NAME=\"realsense_camera\" -Drealsense_camera_nodelet_EXPORTS -fPIE -fPIC -std=c++11 -O2 -D_FORTIFY_SOURCE=2 -fstack-protector -Wformat -Wformat-security -Wall  --sysroot=/opt/odroid-x2/sdk -fPIC -I/root/model_car/catkin_ws/devel/include -I/root/model_car/catkin_ws/src/cv_bridge/include -I/opt/odroid-x2/sdk/opt/ros/indigo/include -I/opt/odroid-x2/sdk/usr/include/opencv -I/opt/odroid-x2/sdk/usr/include -I/usr/include/eigen3 -I/usr/include/pcl-1.7 -I/usr/include/ni -I/usr/include/vtk-5.8    -o CMakeFiles/realsense_camera_nodelet.dir/src/realsense_camera_nodelet.cpp.o -c /root/model_car/catkin_ws/src/realsense_camera/src/realsense_camera_nodelet.cpp
[0mmake[2]: Leaving directory `/root/model_car/catkin_ws/build/realsense_camera'
/usr/bin/make -f CMakeFiles/realsense_camera_test.dir/build.make CMakeFiles/realsense_camera_test.dir/build
[0mmake[2]: Leaving directory `/root/model_car/catkin_ws/build/realsense_camera'
/usr/bin/make -f CMakeFiles/realsense_camera_test_rgbd.dir/build.make CMakeFiles/realsense_camera_test_rgbd.dir/build
make[2]: Entering directory `/root/model_car/catkin_ws/build/realsense_camera'
/usr/bin/cmake -E cmake_progress_report /root/model_car/catkin_ws/build/realsense_camera/CMakeFiles 9
make[2]: Entering directory `/root/model_car/catkin_ws/build/realsense_camera'
/usr/bin/cmake -E cmake_progress_report /root/model_car/catkin_ws/build/realsense_camera/CMakeFiles 10
[ 88%] [32mBuilding CXX object CMakeFiles/realsense_camera_test.dir/test/realsense_camera_test_node.cpp.o
[0m/opt/odroid-x2/compiler/bin/arm-linux-gnueabihf-g++   -DROSCONSOLE_BACKEND_LOG4CXX -DROS_PACKAGE_NAME=\"realsense_camera\" -fPIE -fPIC -std=c++11 -O2 -D_FORTIFY_SOURCE=2 -fstack-protector -Wformat -Wformat-security -Wall  --sysroot=/opt/odroid-x2/sdk -I/root/model_car/catkin_ws/devel/include -I/root/model_car/catkin_ws/src/cv_bridge/include -I/opt/odroid-x2/sdk/opt/ros/indigo/include -I/opt/odroid-x2/sdk/usr/include/opencv -I/opt/odroid-x2/sdk/usr/include -I/usr/include/eigen3 -I/usr/include/pcl-1.7 -I/usr/include/ni -I/usr/include/vtk-5.8    -o CMakeFiles/realsense_camera_test.dir/test/realsense_camera_test_node.cpp.o -c /root/model_car/catkin_ws/src/realsense_camera/test/realsense_camera_test_node.cpp
[100%] [32mBuilding CXX object CMakeFiles/realsense_camera_test_rgbd.dir/test/realsense_camera_test_rgbd_node.cpp.o
[0m/opt/odroid-x2/compiler/bin/arm-linux-gnueabihf-g++   -DROSCONSOLE_BACKEND_LOG4CXX -DROS_PACKAGE_NAME=\"realsense_camera\" -fPIE -fPIC -std=c++11 -O2 -D_FORTIFY_SOURCE=2 -fstack-protector -Wformat -Wformat-security -Wall  --sysroot=/opt/odroid-x2/sdk -I/root/model_car/catkin_ws/devel/include -I/root/model_car/catkin_ws/src/cv_bridge/include -I/opt/odroid-x2/sdk/opt/ros/indigo/include -I/opt/odroid-x2/sdk/usr/include/opencv -I/opt/odroid-x2/sdk/usr/include -I/usr/include/eigen3 -I/usr/include/pcl-1.7 -I/usr/include/ni -I/usr/include/vtk-5.8    -o CMakeFiles/realsense_camera_test_rgbd.dir/test/realsense_camera_test_rgbd_node.cpp.o -c /root/model_car/catkin_ws/src/realsense_camera/test/realsense_camera_test_rgbd_node.cpp
In file included from /root/model_car/catkin_ws/src/realsense_camera/src/realsense_camera_nodelet.cpp:31:0:
/root/model_car/catkin_ws/src/realsense_camera/src/realsense_camera_nodelet.h:61:31: fatal error: librealsense/rs.hpp: No such file or directory
compilation terminated.
make[2]: *** [CMakeFiles/realsense_camera_nodelet.dir/src/realsense_camera_nodelet.cpp.o] Error 1
make[2]: Leaving directory `/root/model_car/catkin_ws/build/realsense_camera'
make[1]: *** [CMakeFiles/realsense_camera_nodelet.dir/all] Error 2
make[1]: *** Waiting for unfinished jobs....
[31m[1mLinking CXX executable /root/model_car/catkin_ws/devel/lib/realsense_camera/realsense_camera_test_rgbd
[0m/usr/bin/cmake -E cmake_link_script CMakeFiles/realsense_camera_test_rgbd.dir/link.txt --verbose=1
/opt/odroid-x2/compiler/bin/arm-linux-gnueabihf-g++   -fPIE -fPIC -std=c++11 -O2 -D_FORTIFY_SOURCE=2 -fstack-protector -Wformat -Wformat-security -Wall  --sysroot=/opt/odroid-x2/sdk  -pie -z noexecstack -z relro -z now CMakeFiles/realsense_camera_test_rgbd.dir/test/realsense_camera_test_rgbd_node.cpp.o  -o /root/model_car/catkin_ws/devel/lib/realsense_camera/realsense_camera_test_rgbd  -L/opt/odroid-x2/sdk/usr/lib/arm-linux-gnueabihf/mesa-egl  -L/opt/odroid-x2/sdk/usr/lib/arm-linux-gnueabihf/mesa -rdynamic /root/model_car/catkin_ws/devel/lib/libcv_bridge.so /opt/odroid-x2/sdk/usr/lib/arm-linux-gnueabihf/libopencv_videostab.so.2.4.8 /opt/odroid-x2/sdk/usr/lib/arm-linux-gnueabihf/libopencv_video.so.2.4.8 /opt/odroid-x2/sdk/usr/lib/arm-linux-gnueabihf/libopencv_superres.so.2.4.8 /opt/odroid-x2/sdk/usr/lib/arm-linux-gnueabihf/libopencv_stitching.so.2.4.8 /opt/odroid-x2/sdk/usr/lib/arm-linux-gnueabihf/libopencv_photo.so.2.4.8 /opt/odroid-x2/sdk/usr/lib/arm-linux-gnueabihf/libopencv_ocl.so.2.4.8 /opt/odroid-x2/sdk/usr/lib/arm-linux-gnueabihf/libopencv_objdetect.so.2.4.8 /opt/odroid-x2/sdk/usr/lib/arm-linux-gnueabihf/libopencv_ml.so.2.4.8 /opt/odroid-x2/sdk/usr/lib/arm-linux-gnueabihf/libopencv_legacy.so.2.4.8 /opt/odroid-x2/sdk/usr/lib/arm-linux-gnueabihf/libopencv_imgproc.so.2.4.8 /opt/odroid-x2/sdk/usr/lib/arm-linux-gnueabihf/libopencv_highgui.so.2.4.8 /opt/odroid-x2/sdk/usr/lib/arm-linux-gnueabihf/libopencv_gpu.so.2.4.8 /opt/odroid-x2/sdk/usr/lib/arm-linux-gnueabihf/libopencv_flann.so.2.4.8 /opt/odroid-x2/sdk/usr/lib/arm-linux-gnueabihf/libopencv_features2d.so.2.4.8 /opt/odroid-x2/sdk/usr/lib/arm-linux-gnueabihf/libopencv_core.so.2.4.8 /opt/odroid-x2/sdk/usr/lib/arm-linux-gnueabihf/libopencv_contrib.so.2.4.8 /opt/odroid-x2/sdk/usr/lib/arm-linux-gnueabihf/libopencv_calib3d.so.2.4.8 /opt/odroid-x2/sdk/opt/ros/indigo/lib/libimage_transport.so /opt/odroid-x2/sdk/opt/ros/indigo/lib/libcamera_info_manager.so /opt/odroid-x2/sdk/opt/ros/indigo/lib/libpcl_ros_filters.so /opt/odroid-x2/sdk/opt/ros/indigo/lib/libpcl_ros_io.so /opt/odroid-x2/sdk/opt/ros/indigo/lib/libpcl_ros_tf.so /opt/odroid-x2/sdk//usr/lib/libpcl_common.so /opt/odroid-x2/sdk//usr/lib/libpcl_kdtree.so /opt/odroid-x2/sdk//usr/lib/libpcl_octree.so /opt/odroid-x2/sdk//usr/lib/libpcl_search.so /opt/odroid-x2/sdk//usr/lib/libpcl_sample_consensus.so /opt/odroid-x2/sdk//usr/lib/libpcl_filters.so /opt/odroid-x2/sdk//usr/lib/libpcl_features.so /opt/odroid-x2/sdk//usr/lib/libpcl_io.so /opt/odroid-x2/sdk//usr/lib/libpcl_visualization.so /opt/odroid-x2/sdk//usr/lib/libpcl_segmentation.so /opt/odroid-x2/sdk//usr/lib/libpcl_people.so /opt/odroid-x2/sdk//usr/lib/libpcl_surface.so /opt/odroid-x2/sdk//usr/lib/libpcl_registration.so /opt/odroid-x2/sdk//usr/lib/libpcl_keypoints.so /opt/odroid-x2/sdk//usr/lib/libpcl_tracking.so /opt/odroid-x2/sdk//usr/lib/libpcl_recognition.so /opt/odroid-x2/sdk//usr/lib/libpcl_apps.so /opt/odroid-x2/sdk//usr/lib/libpcl_outofcore.so -lboost_iostreams -lboost_mpi -lboost_serialization -lqhull /opt/odroid-x2/sdk//usr/lib/libOpenNI.so -Wl,-Bstatic -lflann_cpp_s -Wl,-Bdynamic /opt/odroid-x2/sdk//usr/lib/libvtkCommon.so.5.8.0 /opt/odroid-x2/sdk//usr/lib/libvtkRendering.so.5.8.0 /opt/odroid-x2/sdk//usr/lib/libvtkHybrid.so.5.8.0 /opt/odroid-x2/sdk//usr/lib/libvtkCharts.so.5.8.0 /opt/odroid-x2/sdk/opt/ros/indigo/lib/libdynamic_reconfigure_config_init_mutex.so /opt/odroid-x2/sdk/opt/ros/indigo/lib/libnodeletlib.so /opt/odroid-x2/sdk/opt/ros/indigo/lib/libbondcpp.so -luuid -ltinyxml /opt/odroid-x2/sdk/opt/ros/indigo/lib/libclass_loader.so /opt/odroid-x2/sdk//usr/lib/libPocoFoundation.so -ldl /opt/odroid-x2/sdk/opt/ros/indigo/lib/libroslib.so /opt/odroid-x2/sdk/opt/ros/indigo/lib/librosbag.so /opt/odroid-x2/sdk/opt/ros/indigo/lib/librosbag_storage.so -lboost_program_options /opt/odroid-x2/sdk/opt/ros/indigo/lib/libroslz4.so -llz4 /opt/odroid-x2/sdk/opt/ros/indigo/lib/libtopic_tools.so /opt/odroid-x2/sdk/opt/ros/indigo/lib/libtf.so /opt/odroid-x2/sdk/opt/ros/indigo/lib/libtf2_ros.so /opt/odroid-x2/sdk/opt/ros/indigo/lib/libactionlib.so /opt/odroid-x2/sdk/opt/ros/indigo/lib/libmessage_filters.so /opt/odroid-x2/sdk/opt/ros/indigo/lib/libroscpp.so -lpthread -lboost_signals -lboost_filesystem /opt/odroid-x2/sdk/opt/ros/indigo/lib/libxmlrpcpp.so /opt/odroid-x2/sdk/opt/ros/indigo/lib/libtf2.so /opt/odroid-x2/sdk/opt/ros/indigo/lib/libroscpp_serialization.so /opt/odroid-x2/sdk/opt/ros/indigo/lib/librosconsole.so /opt/odroid-x2/sdk/opt/ros/indigo/lib/librosconsole_log4cxx.so /opt/odroid-x2/sdk/opt/ros/indigo/lib/librosconsole_backend_interface.so /opt/odroid-x2/sdk//usr/lib/liblog4cxx.so -lboost_regex /opt/odroid-x2/sdk/opt/ros/indigo/lib/librostime.so -lboost_date_time /opt/odroid-x2/sdk/opt/ros/indigo/lib/libcpp_common.so -lboost_system -lboost_thread -lpthread -lconsole_bridge gtest/libgtest.so -lpthread -Wl,-rpath,/opt/odroid-x2/sdk/usr/lib/arm-linux-gnueabihf/mesa-egl:/opt/odroid-x2/sdk/usr/lib/arm-linux-gnueabihf/mesa:/root/model_car/catkin_ws/devel/lib:/opt/odroid-x2/sdk/opt/ros/indigo/lib:/opt/odroid-x2/sdk/usr/lib:/root/model_car/catkin_ws/build/realsense_camera/gtest 
make[2]: Leaving directory `/root/model_car/catkin_ws/build/realsense_camera'
/usr/bin/cmake -E cmake_progress_report /root/model_car/catkin_ws/build/realsense_camera/CMakeFiles  10
[100%] Built target realsense_camera_test_rgbd
[31m[1mLinking CXX executable /root/model_car/catkin_ws/devel/lib/realsense_camera/realsense_camera_test
[0m/usr/bin/cmake -E cmake_link_script CMakeFiles/realsense_camera_test.dir/link.txt --verbose=1
/opt/odroid-x2/compiler/bin/arm-linux-gnueabihf-g++   -fPIE -fPIC -std=c++11 -O2 -D_FORTIFY_SOURCE=2 -fstack-protector -Wformat -Wformat-security -Wall  --sysroot=/opt/odroid-x2/sdk  -pie -z noexecstack -z relro -z now CMakeFiles/realsense_camera_test.dir/test/realsense_camera_test_node.cpp.o  -o /root/model_car/catkin_ws/devel/lib/realsense_camera/realsense_camera_test  -L/opt/odroid-x2/sdk/usr/lib/arm-linux-gnueabihf/mesa-egl  -L/opt/odroid-x2/sdk/usr/lib/arm-linux-gnueabihf/mesa -rdynamic /root/model_car/catkin_ws/devel/lib/libcv_bridge.so /opt/odroid-x2/sdk/usr/lib/arm-linux-gnueabihf/libopencv_videostab.so.2.4.8 /opt/odroid-x2/sdk/usr/lib/arm-linux-gnueabihf/libopencv_video.so.2.4.8 /opt/odroid-x2/sdk/usr/lib/arm-linux-gnueabihf/libopencv_superres.so.2.4.8 /opt/odroid-x2/sdk/usr/lib/arm-linux-gnueabihf/libopencv_stitching.so.2.4.8 /opt/odroid-x2/sdk/usr/lib/arm-linux-gnueabihf/libopencv_photo.so.2.4.8 /opt/odroid-x2/sdk/usr/lib/arm-linux-gnueabihf/libopencv_ocl.so.2.4.8 /opt/odroid-x2/sdk/usr/lib/arm-linux-gnueabihf/libopencv_objdetect.so.2.4.8 /opt/odroid-x2/sdk/usr/lib/arm-linux-gnueabihf/libopencv_ml.so.2.4.8 /opt/odroid-x2/sdk/usr/lib/arm-linux-gnueabihf/libopencv_legacy.so.2.4.8 /opt/odroid-x2/sdk/usr/lib/arm-linux-gnueabihf/libopencv_imgproc.so.2.4.8 /opt/odroid-x2/sdk/usr/lib/arm-linux-gnueabihf/libopencv_highgui.so.2.4.8 /opt/odroid-x2/sdk/usr/lib/arm-linux-gnueabihf/libopencv_gpu.so.2.4.8 /opt/odroid-x2/sdk/usr/lib/arm-linux-gnueabihf/libopencv_flann.so.2.4.8 /opt/odroid-x2/sdk/usr/lib/arm-linux-gnueabihf/libopencv_features2d.so.2.4.8 /opt/odroid-x2/sdk/usr/lib/arm-linux-gnueabihf/libopencv_core.so.2.4.8 /opt/odroid-x2/sdk/usr/lib/arm-linux-gnueabihf/libopencv_contrib.so.2.4.8 /opt/odroid-x2/sdk/usr/lib/arm-linux-gnueabihf/libopencv_calib3d.so.2.4.8 /opt/odroid-x2/sdk/opt/ros/indigo/lib/libimage_transport.so /opt/odroid-x2/sdk/opt/ros/indigo/lib/libcamera_info_manager.so /opt/odroid-x2/sdk/opt/ros/indigo/lib/libpcl_ros_filters.so /opt/odroid-x2/sdk/opt/ros/indigo/lib/libpcl_ros_io.so /opt/odroid-x2/sdk/opt/ros/indigo/lib/libpcl_ros_tf.so /opt/odroid-x2/sdk//usr/lib/libpcl_common.so /opt/odroid-x2/sdk//usr/lib/libpcl_kdtree.so /opt/odroid-x2/sdk//usr/lib/libpcl_octree.so /opt/odroid-x2/sdk//usr/lib/libpcl_search.so /opt/odroid-x2/sdk//usr/lib/libpcl_sample_consensus.so /opt/odroid-x2/sdk//usr/lib/libpcl_filters.so /opt/odroid-x2/sdk//usr/lib/libpcl_features.so /opt/odroid-x2/sdk//usr/lib/libpcl_io.so /opt/odroid-x2/sdk//usr/lib/libpcl_visualization.so /opt/odroid-x2/sdk//usr/lib/libpcl_segmentation.so /opt/odroid-x2/sdk//usr/lib/libpcl_people.so /opt/odroid-x2/sdk//usr/lib/libpcl_surface.so /opt/odroid-x2/sdk//usr/lib/libpcl_registration.so /opt/odroid-x2/sdk//usr/lib/libpcl_keypoints.so /opt/odroid-x2/sdk//usr/lib/libpcl_tracking.so /opt/odroid-x2/sdk//usr/lib/libpcl_recognition.so /opt/odroid-x2/sdk//usr/lib/libpcl_apps.so /opt/odroid-x2/sdk//usr/lib/libpcl_outofcore.so -lboost_iostreams -lboost_mpi -lboost_serialization -lqhull /opt/odroid-x2/sdk//usr/lib/libOpenNI.so -Wl,-Bstatic -lflann_cpp_s -Wl,-Bdynamic /opt/odroid-x2/sdk//usr/lib/libvtkCommon.so.5.8.0 /opt/odroid-x2/sdk//usr/lib/libvtkRendering.so.5.8.0 /opt/odroid-x2/sdk//usr/lib/libvtkHybrid.so.5.8.0 /opt/odroid-x2/sdk//usr/lib/libvtkCharts.so.5.8.0 /opt/odroid-x2/sdk/opt/ros/indigo/lib/libdynamic_reconfigure_config_init_mutex.so /opt/odroid-x2/sdk/opt/ros/indigo/lib/libnodeletlib.so /opt/odroid-x2/sdk/opt/ros/indigo/lib/libbondcpp.so -luuid -ltinyxml /opt/odroid-x2/sdk/opt/ros/indigo/lib/libclass_loader.so /opt/odroid-x2/sdk//usr/lib/libPocoFoundation.so -ldl /opt/odroid-x2/sdk/opt/ros/indigo/lib/libroslib.so /opt/odroid-x2/sdk/opt/ros/indigo/lib/librosbag.so /opt/odroid-x2/sdk/opt/ros/indigo/lib/librosbag_storage.so -lboost_program_options /opt/odroid-x2/sdk/opt/ros/indigo/lib/libroslz4.so -llz4 /opt/odroid-x2/sdk/opt/ros/indigo/lib/libtopic_tools.so /opt/odroid-x2/sdk/opt/ros/indigo/lib/libtf.so /opt/odroid-x2/sdk/opt/ros/indigo/lib/libtf2_ros.so /opt/odroid-x2/sdk/opt/ros/indigo/lib/libactionlib.so /opt/odroid-x2/sdk/opt/ros/indigo/lib/libmessage_filters.so /opt/odroid-x2/sdk/opt/ros/indigo/lib/libroscpp.so -lpthread -lboost_signals -lboost_filesystem /opt/odroid-x2/sdk/opt/ros/indigo/lib/libxmlrpcpp.so /opt/odroid-x2/sdk/opt/ros/indigo/lib/libtf2.so /opt/odroid-x2/sdk/opt/ros/indigo/lib/libroscpp_serialization.so /opt/odroid-x2/sdk/opt/ros/indigo/lib/librosconsole.so /opt/odroid-x2/sdk/opt/ros/indigo/lib/librosconsole_log4cxx.so /opt/odroid-x2/sdk/opt/ros/indigo/lib/librosconsole_backend_interface.so /opt/odroid-x2/sdk//usr/lib/liblog4cxx.so -lboost_regex /opt/odroid-x2/sdk/opt/ros/indigo/lib/librostime.so -lboost_date_time /opt/odroid-x2/sdk/opt/ros/indigo/lib/libcpp_common.so -lboost_system -lboost_thread -lpthread -lconsole_bridge gtest/libgtest.so -lpthread -Wl,-rpath,/opt/odroid-x2/sdk/usr/lib/arm-linux-gnueabihf/mesa-egl:/opt/odroid-x2/sdk/usr/lib/arm-linux-gnueabihf/mesa:/root/model_car/catkin_ws/devel/lib:/opt/odroid-x2/sdk/opt/ros/indigo/lib:/opt/odroid-x2/sdk/usr/lib:/root/model_car/catkin_ws/build/realsense_camera/gtest 
make[2]: Leaving directory `/root/model_car/catkin_ws/build/realsense_camera'
/usr/bin/cmake -E cmake_progress_report /root/model_car/catkin_ws/build/realsense_camera/CMakeFiles  9
[100%] Built target realsense_camera_test
make[1]: Leaving directory `/root/model_car/catkin_ws/build/realsense_camera'
make: *** [all] Error 2
